[2022-09-30 19:57:28,397] INFO Starting the log cleaner (kafka.log.LogCleaner)
[2022-09-30 19:57:28,575] INFO [kafka-log-cleaner-thread-0]: Starting (kafka.log.LogCleaner)
[2022-09-30 19:57:29,167] INFO Shutting down the log cleaner. (kafka.log.LogCleaner)
[2022-09-30 19:57:29,167] INFO [kafka-log-cleaner-thread-0]: Shutting down (kafka.log.LogCleaner)
[2022-09-30 19:57:29,168] INFO [kafka-log-cleaner-thread-0]: Stopped (kafka.log.LogCleaner)
[2022-09-30 19:57:29,168] INFO [kafka-log-cleaner-thread-0]: Shutdown completed (kafka.log.LogCleaner)
[2022-09-30 20:10:01,327] INFO Starting the log cleaner (kafka.log.LogCleaner)
[2022-09-30 20:10:01,453] INFO [kafka-log-cleaner-thread-0]: Starting (kafka.log.LogCleaner)
[2022-09-30 20:10:43,834] INFO Shutting down the log cleaner. (kafka.log.LogCleaner)
[2022-09-30 20:10:43,834] INFO [kafka-log-cleaner-thread-0]: Shutting down (kafka.log.LogCleaner)
[2022-09-30 20:10:43,834] INFO [kafka-log-cleaner-thread-0]: Stopped (kafka.log.LogCleaner)
[2022-09-30 20:10:43,834] INFO [kafka-log-cleaner-thread-0]: Shutdown completed (kafka.log.LogCleaner)
[2022-09-30 20:12:51,911] INFO Starting the log cleaner (kafka.log.LogCleaner)
[2022-09-30 20:12:52,013] INFO [kafka-log-cleaner-thread-0]: Starting (kafka.log.LogCleaner)
[2022-09-30 20:12:52,489] INFO Shutting down the log cleaner. (kafka.log.LogCleaner)
[2022-09-30 20:12:52,490] INFO [kafka-log-cleaner-thread-0]: Shutting down (kafka.log.LogCleaner)
[2022-09-30 20:12:52,491] INFO [kafka-log-cleaner-thread-0]: Stopped (kafka.log.LogCleaner)
[2022-09-30 20:12:52,492] INFO [kafka-log-cleaner-thread-0]: Shutdown completed (kafka.log.LogCleaner)
[2022-09-30 20:18:08,527] INFO Starting the log cleaner (kafka.log.LogCleaner)
[2022-09-30 20:18:08,647] INFO [kafka-log-cleaner-thread-0]: Starting (kafka.log.LogCleaner)
[2022-09-30 20:21:27,828] INFO Starting the log cleaner (kafka.log.LogCleaner)
[2022-09-30 20:21:27,934] INFO [kafka-log-cleaner-thread-0]: Starting (kafka.log.LogCleaner)
[2022-09-30 20:21:28,389] INFO Shutting down the log cleaner. (kafka.log.LogCleaner)
[2022-09-30 20:21:28,389] INFO [kafka-log-cleaner-thread-0]: Shutting down (kafka.log.LogCleaner)
[2022-09-30 20:21:28,390] INFO [kafka-log-cleaner-thread-0]: Stopped (kafka.log.LogCleaner)
[2022-09-30 20:21:28,390] INFO [kafka-log-cleaner-thread-0]: Shutdown completed (kafka.log.LogCleaner)
[2022-09-30 20:56:32,241] INFO Starting the log cleaner (kafka.log.LogCleaner)
[2022-09-30 20:56:32,453] INFO [kafka-log-cleaner-thread-0]: Starting (kafka.log.LogCleaner)
[2022-09-30 20:56:32,942] INFO Shutting down the log cleaner. (kafka.log.LogCleaner)
[2022-09-30 20:56:32,943] INFO [kafka-log-cleaner-thread-0]: Shutting down (kafka.log.LogCleaner)
[2022-09-30 20:56:32,943] INFO [kafka-log-cleaner-thread-0]: Stopped (kafka.log.LogCleaner)
[2022-09-30 20:56:32,944] INFO [kafka-log-cleaner-thread-0]: Shutdown completed (kafka.log.LogCleaner)
[2022-09-30 20:58:32,773] INFO Starting the log cleaner (kafka.log.LogCleaner)
[2022-09-30 20:58:32,869] INFO [kafka-log-cleaner-thread-0]: Starting (kafka.log.LogCleaner)
[2022-09-30 20:58:33,320] INFO Shutting down the log cleaner. (kafka.log.LogCleaner)
[2022-09-30 20:58:33,321] INFO [kafka-log-cleaner-thread-0]: Shutting down (kafka.log.LogCleaner)
[2022-09-30 20:58:33,323] INFO [kafka-log-cleaner-thread-0]: Stopped (kafka.log.LogCleaner)
[2022-09-30 20:58:33,323] INFO [kafka-log-cleaner-thread-0]: Shutdown completed (kafka.log.LogCleaner)
[2022-09-30 21:10:08,735] INFO Starting the log cleaner (kafka.log.LogCleaner)
[2022-09-30 21:10:08,885] INFO [kafka-log-cleaner-thread-0]: Starting (kafka.log.LogCleaner)
[2022-09-30 21:10:09,389] INFO Shutting down the log cleaner. (kafka.log.LogCleaner)
[2022-09-30 21:10:09,390] INFO [kafka-log-cleaner-thread-0]: Shutting down (kafka.log.LogCleaner)
[2022-09-30 21:10:09,390] INFO [kafka-log-cleaner-thread-0]: Stopped (kafka.log.LogCleaner)
[2022-09-30 21:10:09,391] INFO [kafka-log-cleaner-thread-0]: Shutdown completed (kafka.log.LogCleaner)
[2022-09-30 21:12:23,479] INFO Starting the log cleaner (kafka.log.LogCleaner)
[2022-09-30 21:12:23,589] INFO [kafka-log-cleaner-thread-0]: Starting (kafka.log.LogCleaner)
[2022-09-30 21:12:24,046] INFO Shutting down the log cleaner. (kafka.log.LogCleaner)
[2022-09-30 21:12:24,047] INFO [kafka-log-cleaner-thread-0]: Shutting down (kafka.log.LogCleaner)
[2022-09-30 21:12:24,048] INFO [kafka-log-cleaner-thread-0]: Stopped (kafka.log.LogCleaner)
[2022-09-30 21:12:24,048] INFO [kafka-log-cleaner-thread-0]: Shutdown completed (kafka.log.LogCleaner)
